C51 COMPILER V9.53.0.0   INTERRUPTS                                                        04/23/2017 17:30:32 PAGE 1   


C51 COMPILER V9.53.0.0, COMPILATION OF MODULE INTERRUPTS
OBJECT MODULE PLACED IN .\src\interrupts.OBJ
COMPILER INVOKED BY: c:\SiliconLabs\SimplicityStudio\v4\developer\toolchains\keil_8051\9.53\BIN\C51.exe C:\Users\Yvette 
                    -Wang\SimplicityStudio\v4_workspace\EFM8BB3_RainbowBlinky_2 2\src\interrupts.c OMF2 SMALL DEBUG OBJECTEXTEND ROM(LARGE) W
                    -ARNINGLEVEL(2) FLOATFUZZY(3) OPTIMIZE(8,SPEED) DEFINE(DEBUG=1) INTVECTOR(0X0000) INTPROMOTE INCDIR(C:/SiliconLabs/Simpli
                    -cityStudio/v4/developer/sdks/8051/v4.0.3//kits/common/drivers/efm8_joystick;C:/SiliconLabs/SimplicityStudio/v4/developer
                    -/sdks/8051/v4.0.3//kits/EFM8BB3_SLSTK2022A/config;C:\Users\Yvette Wang\SimplicityStudio\v4_workspace\EFM8BB3_RainbowBlin
                    -ky_2 2\inc\config;C:\Users\Yvette Wang\SimplicityStudio\v4_workspace\EFM8BB3_RainbowBlinky_2 2\inc;C:/SiliconLabs/Simpli
                    -cityStudio/v4/developer/sdks/8051/v4.0.3//Device/EFM8BB3/peripheral_driver/inc;C:/SiliconLabs/SimplicityStudio/v4/develo
                    -per/sdks/8051/v4.0.3//kits/common/bsp;C:/SiliconLabs/SimplicityStudio/v4/developer/sdks/8051/v4.0.3//kits/common/drivers
                    -/efm8_memory_lcd/inc;C:/SiliconLabs/SimplicityStudio/v4/developer/sdks/8051/v4.0.3//kits/common/drivers/efm8_memory_lcd/
                    -inc/config;C:/SiliconLabs/SimplicityStudio/v4/developer/sdks/8051/v4.0.3//kits/common/drivers/efm8_memory_lcd/inc/graphi
                    -cs;C:/SiliconLabs/SimplicityStudio/v4/developer/sdks/8051/v4.0.3//Device/shared/si8051base;C:/SiliconLabs/SimplicityStud
                    -io/v4/developer/sdks/8051/v4.0.3//Device/EFM8BB3/inc) PRINT(.\src\interrupts.lst) COND PAGEWIDTH(120) PAGELENGTH(65) OBJ
                    -ECT(.\src\interrupts.OBJ)

line level    source

   1          //=========================================================
   2          // src/Interrupts.c: generated by Hardware Configurator
   3          //
   4          // This file will be regenerated when saving a document.
   5          // leave the sections inside the "$[...]" comment tags alone
   6          // or they will be overwritten!
   7          //=========================================================
   8          
   9          // USER INCLUDES
  10          #include <SI_EFM8BB3_Register_Enums.h>
  11          //SI_SBIT (LED1, SFR_P1, 3);
  12          //-----------------------------------------------------------------------------
  13          // TIMER2_ISR
  14          //-----------------------------------------------------------------------------
  15          //
  16          // TIMER2 ISR Content goes here. Remember to clear flag bits:
  17          // TMR2CN0::TF2H (Timer # High Byte Overflow Flag)
  18          // TMR2CN0::TF2L (Timer # Low Byte Overflow Flag)
  19          //
  20          //-----------------------------------------------------------------------------
  21          
  22          
  23          //-----------------------------------------------------------------------------
  24          // PMATCH_ISR
  25          //-----------------------------------------------------------------------------
  26          //
  27          // PMATCH ISR Content goes here. Remember to clear flag bits:
  28          
  29          //
  30          //-----------------------------------------------------------------------------
  31          /*SI_INTERRUPT (PMATCH_ISR, PMATCH_IRQn)
  32          {
  33          
  34             }
  35          
  36          
  37          SI_INTERRUPT (TIMER0_ISR, TIMER0_IRQn)
  38          {
  39                  LED1 = !LED1;
  40                  TCON_TR0 = 0;                       // Stop Timer 0
  41                  TH0 = 00111000;           // Reset Timer0 High register
  42              TL0 = 10011110;            // Reset Timer0 Low register
  43                  TCON_TR0 = 1;
  44          }
C51 COMPILER V9.53.0.0   INTERRUPTS                                                        04/23/2017 17:30:32 PAGE 2   

  45          */


MODULE INFORMATION:   STATIC OVERLAYABLE
   CODE SIZE        =   ----    ----
   CONSTANT SIZE    =   ----    ----
   XDATA SIZE       =   ----    ----
   PDATA SIZE       =   ----    ----
   DATA SIZE        =   ----    ----
   IDATA SIZE       =   ----    ----
   BIT SIZE         =   ----    ----
   EDATA SIZE       =   ----    ----
   HDATA SIZE       =   ----    ----
   XDATA CONST SIZE =   ----    ----
   FAR CONST SIZE   =   ----    ----
END OF MODULE INFORMATION.


C51 COMPILATION COMPLETE.  0 WARNING(S),  0 ERROR(S)
