C51 COMPILER V9.53.0.0   MAIN                                                              04/23/2017 18:05:04 PAGE 1   


C51 COMPILER V9.53.0.0, COMPILATION OF MODULE MAIN
OBJECT MODULE PLACED IN .\src\main.OBJ
COMPILER INVOKED BY: c:\SiliconLabs\SimplicityStudio\v4\developer\toolchains\keil_8051\9.53\BIN\C51.exe C:\Users\Yvette 
                    -Wang\SimplicityStudio\v4_workspace\EFM8BB3_RainbowBlinky_2 2\src\main.c OMF2 SMALL DEBUG OBJECTEXTEND ROM(LARGE) WARNING
                    -LEVEL(2) FLOATFUZZY(3) OPTIMIZE(8,SPEED) DEFINE(DEBUG=1) INTVECTOR(0X0000) INTPROMOTE INCDIR(C:/SiliconLabs/SimplicitySt
                    -udio/v4/developer/sdks/8051/v4.0.3//kits/common/drivers/efm8_joystick;C:/SiliconLabs/SimplicityStudio/v4/developer/sdks/
                    -8051/v4.0.3//kits/EFM8BB3_SLSTK2022A/config;C:\Users\Yvette Wang\SimplicityStudio\v4_workspace\EFM8BB3_RainbowBlinky_2 2
                    -\inc\config;C:\Users\Yvette Wang\SimplicityStudio\v4_workspace\EFM8BB3_RainbowBlinky_2 2\inc;C:/SiliconLabs/SimplicitySt
                    -udio/v4/developer/sdks/8051/v4.0.3//Device/EFM8BB3/peripheral_driver/inc;C:/SiliconLabs/SimplicityStudio/v4/developer/sd
                    -ks/8051/v4.0.3//kits/common/bsp;C:/SiliconLabs/SimplicityStudio/v4/developer/sdks/8051/v4.0.3//kits/common/drivers/efm8_
                    -memory_lcd/inc;C:/SiliconLabs/SimplicityStudio/v4/developer/sdks/8051/v4.0.3//kits/common/drivers/efm8_memory_lcd/inc/co
                    -nfig;C:/SiliconLabs/SimplicityStudio/v4/developer/sdks/8051/v4.0.3//kits/common/drivers/efm8_memory_lcd/inc/graphics;C:/
                    -SiliconLabs/SimplicityStudio/v4/developer/sdks/8051/v4.0.3//Device/shared/si8051base;C:/SiliconLabs/SimplicityStudio/v4/
                    -developer/sdks/8051/v4.0.3//Device/EFM8BB3/inc) PRINT(.\src\main.lst) COND PAGEWIDTH(120) PAGELENGTH(65) OBJECT(.\src\ma
                    -in.OBJ)

line level    source

   1          #include "bsp.h"
   2          #include <stdio.h>
   3          #include <stdlib.h>
   4          #include "draw.h"
   5          #include "tick.h"
   6          #include "InitDevice.h"
   7          #include <SI_EFM8BB3_Register_Enums.h>
   8          #include "spi.h"
   9          #include "blinky.h"
  10          SI_SBIT(LED1, SFR_P1, 4);
  11          SI_SBIT(LED2, SFR_P1, 5);
  12          SI_SBIT(BTR, SFR_P0, 2);
  13          SI_SBIT(BTL, SFR_P0, 3);
  14          
  15          int lap=0;
  16          
  17          int x1 = 0;
  18          int x2 = 0;
  19          int x3 = 0;
  20          int clear=0;
  21          bool BR;
  22          bool BL;
  23          int i;
  24          int ii;
  25          int sw=0;
  26          int count=1;
  27          int screenLocation=0;
  28          
  29          
  30          static SI_SEGMENT_VARIABLE(line[16], uint8_t, RENDER_LINE_SEG);
  31          
  32          void Delay(uint8_t x){
  33   1              for(ii=0;ii<x;ii++)
  34   1                      _nop_();
  35   1      }
  36          
  37          //interrupts &timer
  38          SI_INTERRUPT (TIMER0_ISR, TIMER0_IRQn)
  39          {
  40   1              count=1;
  41   1              //LED1 = !LED1;
  42   1              TCON_TR0 = 0;             // timercontrol
  43   1              TH0 = 0xEC;       //    ori:00111100  T1:11101100
  44   1          TL0 = 0x10;       //    ori:11001000  T1:01111000
C51 COMPILER V9.53.0.0   MAIN                                                              04/23/2017 18:05:04 PAGE 2   

  45   1      
  46   1          Delay(100);
  47   1          TCON_TR0 = 1;
  48   1              x1 = x1 + sw;
  49   1      }
  50          
  51          
  52          
  53          
  54          SI_INTERRUPT (PMATCH_ISR, PMATCH_IRQn) {
  55   1              if (BTR==0) {
  56   2                      if (BR==false) {
  57   3                              if (sw == 0) {  //Stopped
  58   4                                      sw = 1;     //start the clock
  59   4                                      BR = true;
  60   4                              }
  61   3                              else {         //running
  62   4                                      sw = 0;    //stop the clock
  63   4                                      BR = true;
  64   4                              }
  65   3                      }
  66   2              }
  67   1              else if (BTL==0) {
  68   2                      if (BL==false) {
  69   3                              if (sw==0) { //pause
  70   4                                      x1=0;
  71   4                                      x2=0;
  72   4                                      x3=0;
  73   4                                      clear=1;
  74   4                              }
  75   3                              else {
  76   4                                      lap=1;
  77   4                              }
  78   3                      }
  79   2                      BL = true;
  80   2              }
  81   1               else {
  82   2                      BR = false;
  83   2                      BL = false;
  84   2                      }
  85   1              }
  86          
  87          char text[16];
  88          int multilap=0;
  89          
  90          void main(void)
  91          {
  92   1      
  93   1       enter_DefaultMode_from_RESET();
  94   1        blinky();
*** WARNING C206 IN LINE 94 OF C:\Users\Yvette Wang\SimplicityStudio\v4_workspace\EFM8BB3_RainbowBlinky_2 2\src\main.c: 
             -'blinky': missing function-prototype
  95   1        IE_EA = 1;
  96   1        DISP_Init();
  97   1      
  98   1        while (1)
  99   1        {
 100   2              if (count){
 101   3                      text[0]='\0';
 102   3                      if(x1>=100){
 103   4                              x2=x2+1;
 104   4                              x1=0;
 105   4                      }
C51 COMPILER V9.53.0.0   MAIN                                                              04/23/2017 18:05:04 PAGE 3   

 106   3                      if(x2==60){
 107   4                      x3=x3+1;
 108   4                      x2=0;
 109   4                      }
 110   3                      sprintf(text,"LAP    ""%02d:%02d,%02d",x3,x2,x1);
 111   3                      DrawScreenText1(text,20,21);
 112   3                      count=0;
 113   3                      if (multilap == 2){             //enables multiple laps
 114   4                              EIE1 |=0x02;  //re enable
 115   4                              multilap = 0;
 116   4                      }
 117   3                      multilap++;
 118   3              }
 119   2      
 120   2      
 121   2              else if (lap){
 122   3      
 123   3                              SFRPAGE = 0x00;              // EIE1 interrupt on SFRPAGE 0x00
 124   3                              EIE1 &= ~0x02;           //disable
 125   3                              screenLocation ++;
 126   3                              text[0]='\0';
 127   3                              sprintf(text,"%02d     %02d:%02d,%02d",screenLocation,x3,x2,x1);                //print to string
 128   3                              DrawScreenText1(text, 20, screenLocation*10+25);
 129   3      
 130   3                              lap=0;
 131   3                              IE_EA=1;
 132   3      
 133   3                      }
 134   2      
 135   2              else if (clear){
 136   3                              for(i=35;i<25+10*(screenLocation+1)+1;i=i+10){
 137   4                              DrawScreenText("", i);
 138   4                              }
 139   3                              clear=0;
 140   3                              screenLocation=0;
 141   3      
 142   3      
 143   3                      }
 144   2        }
 145   1      }


MODULE INFORMATION:   STATIC OVERLAYABLE
   CODE SIZE        =    505    ----
   CONSTANT SIZE    =     47    ----
   XDATA SIZE       =   ----    ----
   PDATA SIZE       =   ----    ----
   DATA SIZE        =     38    ----
   IDATA SIZE       =     16    ----
   BIT SIZE         =      2    ----
   EDATA SIZE       =   ----    ----
   HDATA SIZE       =   ----    ----
   XDATA CONST SIZE =   ----    ----
   FAR CONST SIZE   =   ----    ----
END OF MODULE INFORMATION.


C51 COMPILATION COMPLETE.  1 WARNING(S),  0 ERROR(S)
